SF:lib/src/ht_data_postgres.dart
DA:16,1
DA:22,1
DA:43,1
DA:48,4
DA:50,2
DA:53,1
DA:56,2
DA:57,1
DA:58,1
DA:59,4
DA:60,1
DA:62,1
DA:63,2
DA:66,2
DA:68,2
DA:69,2
DA:71,2
DA:72,3
DA:74,1
DA:76,4
DA:77,1
DA:81,1
DA:84,4
DA:85,2
DA:86,1
DA:89,1
DA:90,1
DA:93,2
DA:94,1
DA:98,2
DA:99,1
DA:100,1
DA:103,4
DA:105,4
DA:106,1
DA:110,1
DA:115,4
DA:117,2
DA:118,1
DA:121,1
DA:122,1
DA:124,1
DA:126,2
DA:127,1
DA:131,1
DA:132,1
DA:133,1
DA:136,4
DA:137,4
DA:138,1
DA:140,4
DA:141,1
DA:145,0
DA:154,0
DA:155,0
DA:164,1
DA:173,2
DA:174,2
DA:179,2
DA:187,2
DA:188,1
DA:192,2
DA:195,0
DA:197,0
DA:201,1
DA:202,0
DA:205,2
DA:206,3
DA:208,1
DA:209,1
DA:216,4
DA:217,1
DA:221,1
DA:227,4
DA:229,2
DA:232,1
DA:233,1
DA:235,1
DA:237,0
DA:240,5
DA:242,2
DA:243,2
DA:246,1
DA:247,1
DA:249,1
DA:251,2
DA:252,1
DA:256,1
DA:257,0
DA:258,0
DA:261,4
DA:262,4
DA:263,1
DA:265,0
DA:266,0
DA:271,1
DA:272,1
DA:275,1
DA:276,2
DA:277,2
DA:281,1
DA:284,1
DA:285,1
DA:286,1
DA:288,0
DA:289,0
DA:290,0
DA:294,0
DA:295,0
DA:297,0
DA:298,0
DA:299,0
DA:300,0
DA:303,0
DA:304,0
DA:310,1
DA:315,1
DA:322,1
DA:323,1
DA:328,0
DA:329,0
DA:333,2
DA:334,1
DA:335,1
DA:337,1
DA:338,2
DA:339,1
DA:340,1
DA:341,1
DA:342,2
DA:343,2
DA:344,2
DA:345,1
DA:347,3
DA:349,1
DA:350,0
DA:351,0
DA:352,0
DA:353,0
DA:356,1
DA:357,0
DA:358,0
DA:359,0
DA:363,2
DA:364,1
DA:365,3
DA:370,0
DA:371,0
DA:376,0
DA:379,1
DA:386,1
DA:390,2
DA:391,2
DA:393,1
LF:154
LH:120
end_of_record
